<?xml version="1.0" encoding="UTF-8"?>
<testsuite name="edu.escuelaing.ieti.startapp.web.ChatControllerTests" tests="8" skipped="0" failures="0" errors="0" timestamp="2021-05-11T02:00:52" hostname="DESARROLLO148" time="0.158">
  <properties/>
  <testcase name="shouldNotFindChatById()" classname="edu.escuelaing.ieti.startapp.web.ChatControllerTests" time="0.084"/>
  <testcase name="shouldFindChatById()" classname="edu.escuelaing.ieti.startapp.web.ChatControllerTests" time="0.008"/>
  <testcase name="shouldFindAllChatByUser()" classname="edu.escuelaing.ieti.startapp.web.ChatControllerTests" time="0.007"/>
  <testcase name="shouldCreateChat()" classname="edu.escuelaing.ieti.startapp.web.ChatControllerTests" time="0.009"/>
  <testcase name="shouldNotFindAllChatByUser()" classname="edu.escuelaing.ieti.startapp.web.ChatControllerTests" time="0.005"/>
  <testcase name="shouldFindAllMessagesById()" classname="edu.escuelaing.ieti.startapp.web.ChatControllerTests" time="0.005"/>
  <testcase name="shouldAddMessage()" classname="edu.escuelaing.ieti.startapp.web.ChatControllerTests" time="0.008"/>
  <testcase name="shouldNotFindAllMessagesById()" classname="edu.escuelaing.ieti.startapp.web.ChatControllerTests" time="0.007"/>
  <system-out><![CDATA[2021-05-10 21:00:52.306  INFO 12844 --- [    Test worker] .b.t.c.SpringBootTestContextBootstrapper : Neither @ContextConfiguration nor @ContextHierarchy found for test class [edu.escuelaing.ieti.startapp.web.ChatControllerTests], using SpringBootContextLoader
2021-05-10 21:00:52.309  INFO 12844 --- [    Test worker] o.s.t.c.support.AbstractContextLoader    : Could not detect default resource locations for test class [edu.escuelaing.ieti.startapp.web.ChatControllerTests]: no resource found for suffixes {-context.xml, Context.groovy}.
2021-05-10 21:00:52.312  INFO 12844 --- [    Test worker] t.c.s.AnnotationConfigContextLoaderUtils : Could not detect default configuration classes for test class [edu.escuelaing.ieti.startapp.web.ChatControllerTests]: ChatControllerTests does not declare any static, non-private, non-final, nested classes annotated with @Configuration.
2021-05-10 21:00:52.325  INFO 12844 --- [    Test worker] .b.t.c.SpringBootTestContextBootstrapper : Found @SpringBootConfiguration edu.escuelaing.ieti.startapp.StartappApplication for test class edu.escuelaing.ieti.startapp.web.ChatControllerTests
2021-05-10 21:00:52.329  INFO 12844 --- [    Test worker] .b.t.c.SpringBootTestContextBootstrapper : Loaded default TestExecutionListener class names from location [META-INF/spring.factories]: [org.springframework.boot.test.autoconfigure.restdocs.RestDocsTestExecutionListener, org.springframework.boot.test.autoconfigure.web.client.MockRestServiceServerResetTestExecutionListener, org.springframework.boot.test.autoconfigure.web.servlet.MockMvcPrintOnlyOnFailureTestExecutionListener, org.springframework.boot.test.autoconfigure.web.servlet.WebDriverTestExecutionListener, org.springframework.boot.test.autoconfigure.webservices.client.MockWebServiceServerTestExecutionListener, org.springframework.boot.test.mock.mockito.MockitoTestExecutionListener, org.springframework.boot.test.mock.mockito.ResetMocksTestExecutionListener, org.springframework.test.context.web.ServletTestExecutionListener, org.springframework.test.context.support.DirtiesContextBeforeModesTestExecutionListener, org.springframework.test.context.event.ApplicationEventsTestExecutionListener, org.springframework.test.context.support.DependencyInjectionTestExecutionListener, org.springframework.test.context.support.DirtiesContextTestExecutionListener, org.springframework.test.context.transaction.TransactionalTestExecutionListener, org.springframework.test.context.jdbc.SqlScriptsTestExecutionListener, org.springframework.test.context.event.EventPublishingTestExecutionListener]
2021-05-10 21:00:52.330  INFO 12844 --- [    Test worker] .b.t.c.SpringBootTestContextBootstrapper : Using TestExecutionListeners: [org.springframework.test.context.web.ServletTestExecutionListener@70ab582e, org.springframework.test.context.support.DirtiesContextBeforeModesTestExecutionListener@1ad52b20, org.springframework.test.context.event.ApplicationEventsTestExecutionListener@3d3078d3, org.springframework.boot.test.mock.mockito.MockitoTestExecutionListener@2a27392f, org.springframework.boot.test.autoconfigure.SpringBootDependencyInjectionTestExecutionListener@e77e6d, org.springframework.test.context.support.DirtiesContextTestExecutionListener@33d8c97a, org.springframework.test.context.transaction.TransactionalTestExecutionListener@d10d932, org.springframework.test.context.jdbc.SqlScriptsTestExecutionListener@1eed77fe, org.springframework.test.context.event.EventPublishingTestExecutionListener@25427658, org.springframework.boot.test.autoconfigure.restdocs.RestDocsTestExecutionListener@5024e893, org.springframework.boot.test.autoconfigure.web.client.MockRestServiceServerResetTestExecutionListener@5b7672ec, org.springframework.boot.test.autoconfigure.web.servlet.MockMvcPrintOnlyOnFailureTestExecutionListener@2e51bcfb, org.springframework.boot.test.autoconfigure.web.servlet.WebDriverTestExecutionListener@1817efdf, org.springframework.boot.test.autoconfigure.webservices.client.MockWebServiceServerTestExecutionListener@6f00fc3e, org.springframework.boot.test.mock.mockito.ResetMocksTestExecutionListener@7890220]
]]></system-out>
  <system-err><![CDATA[]]></system-err>
</testsuite>
