<?xml version="1.0" encoding="UTF-8"?>
<testsuite name="edu.escuelaing.ieti.startapp.business.ChatServiceTests" tests="11" skipped="0" failures="0" errors="0" timestamp="2021-05-11T02:00:48" hostname="DESARROLLO148" time="0.265">
  <properties/>
  <testcase name="shouldNotFindChatById()" classname="edu.escuelaing.ieti.startapp.business.ChatServiceTests" time="0.093"/>
  <testcase name="shouldFindAllChatsByUserInvestor()" classname="edu.escuelaing.ieti.startapp.business.ChatServiceTests" time="0.016"/>
  <testcase name="shouldFindAllMessagesByChat()" classname="edu.escuelaing.ieti.startapp.business.ChatServiceTests" time="0.014"/>
  <testcase name="shouldFindChatById()" classname="edu.escuelaing.ieti.startapp.business.ChatServiceTests" time="0.009"/>
  <testcase name="shouldNotFindAllChatsByUserInvestor()" classname="edu.escuelaing.ieti.startapp.business.ChatServiceTests" time="0.013"/>
  <testcase name="shouldCreateChat()" classname="edu.escuelaing.ieti.startapp.business.ChatServiceTests" time="0.013"/>
  <testcase name="shouldNotFindAllMessagesByChat()" classname="edu.escuelaing.ieti.startapp.business.ChatServiceTests" time="0.021"/>
  <testcase name="shouldFindAllChatsByUser()" classname="edu.escuelaing.ieti.startapp.business.ChatServiceTests" time="0.011"/>
  <testcase name="shouldAddMessage()" classname="edu.escuelaing.ieti.startapp.business.ChatServiceTests" time="0.015"/>
  <testcase name="shouldNotFindAllChatsByUserEntrepreneur()" classname="edu.escuelaing.ieti.startapp.business.ChatServiceTests" time="0.013"/>
  <testcase name="shouldFindAllChatsByUserEntrepreneur()" classname="edu.escuelaing.ieti.startapp.business.ChatServiceTests" time="0.017"/>
  <system-out><![CDATA[21:00:38.989 [Test worker] DEBUG org.springframework.test.context.BootstrapUtils - Instantiating CacheAwareContextLoaderDelegate from class [org.springframework.test.context.cache.DefaultCacheAwareContextLoaderDelegate]
21:00:39.036 [Test worker] DEBUG org.springframework.test.context.BootstrapUtils - Instantiating BootstrapContext using constructor [public org.springframework.test.context.support.DefaultBootstrapContext(java.lang.Class,org.springframework.test.context.CacheAwareContextLoaderDelegate)]
21:00:39.135 [Test worker] DEBUG org.springframework.test.context.BootstrapUtils - Instantiating TestContextBootstrapper for test class [edu.escuelaing.ieti.startapp.business.ChatServiceTests] from class [org.springframework.boot.test.context.SpringBootTestContextBootstrapper]
21:00:39.167 [Test worker] INFO org.springframework.boot.test.context.SpringBootTestContextBootstrapper - Neither @ContextConfiguration nor @ContextHierarchy found for test class [edu.escuelaing.ieti.startapp.business.ChatServiceTests], using SpringBootContextLoader
21:00:39.180 [Test worker] DEBUG org.springframework.test.context.support.AbstractContextLoader - Did not detect default resource location for test class [edu.escuelaing.ieti.startapp.business.ChatServiceTests]: class path resource [edu/escuelaing/ieti/startapp/business/ChatServiceTests-context.xml] does not exist
21:00:39.182 [Test worker] DEBUG org.springframework.test.context.support.AbstractContextLoader - Did not detect default resource location for test class [edu.escuelaing.ieti.startapp.business.ChatServiceTests]: class path resource [edu/escuelaing/ieti/startapp/business/ChatServiceTestsContext.groovy] does not exist
21:00:39.182 [Test worker] INFO org.springframework.test.context.support.AbstractContextLoader - Could not detect default resource locations for test class [edu.escuelaing.ieti.startapp.business.ChatServiceTests]: no resource found for suffixes {-context.xml, Context.groovy}.
21:00:39.184 [Test worker] INFO org.springframework.test.context.support.AnnotationConfigContextLoaderUtils - Could not detect default configuration classes for test class [edu.escuelaing.ieti.startapp.business.ChatServiceTests]: ChatServiceTests does not declare any static, non-private, non-final, nested classes annotated with @Configuration.
21:00:39.316 [Test worker] DEBUG org.springframework.test.context.support.ActiveProfilesUtils - Could not find an 'annotation declaring class' for annotation type [org.springframework.test.context.ActiveProfiles] and class [edu.escuelaing.ieti.startapp.business.ChatServiceTests]
21:00:39.483 [Test worker] DEBUG org.springframework.context.annotation.ClassPathScanningCandidateComponentProvider - Identified candidate component class: file [C:\Users\abohorquez\Documents\Universidad\StartApp-Backend\build\classes\java\main\edu\escuelaing\ieti\startapp\StartappApplication.class]
21:00:39.485 [Test worker] INFO org.springframework.boot.test.context.SpringBootTestContextBootstrapper - Found @SpringBootConfiguration edu.escuelaing.ieti.startapp.StartappApplication for test class edu.escuelaing.ieti.startapp.business.ChatServiceTests
21:00:39.749 [Test worker] DEBUG org.springframework.boot.test.context.SpringBootTestContextBootstrapper - @TestExecutionListeners is not present for class [edu.escuelaing.ieti.startapp.business.ChatServiceTests]: using defaults.
21:00:39.749 [Test worker] INFO org.springframework.boot.test.context.SpringBootTestContextBootstrapper - Loaded default TestExecutionListener class names from location [META-INF/spring.factories]: [org.springframework.boot.test.autoconfigure.restdocs.RestDocsTestExecutionListener, org.springframework.boot.test.autoconfigure.web.client.MockRestServiceServerResetTestExecutionListener, org.springframework.boot.test.autoconfigure.web.servlet.MockMvcPrintOnlyOnFailureTestExecutionListener, org.springframework.boot.test.autoconfigure.web.servlet.WebDriverTestExecutionListener, org.springframework.boot.test.autoconfigure.webservices.client.MockWebServiceServerTestExecutionListener, org.springframework.boot.test.mock.mockito.MockitoTestExecutionListener, org.springframework.boot.test.mock.mockito.ResetMocksTestExecutionListener, org.springframework.test.context.web.ServletTestExecutionListener, org.springframework.test.context.support.DirtiesContextBeforeModesTestExecutionListener, org.springframework.test.context.event.ApplicationEventsTestExecutionListener, org.springframework.test.context.support.DependencyInjectionTestExecutionListener, org.springframework.test.context.support.DirtiesContextTestExecutionListener, org.springframework.test.context.transaction.TransactionalTestExecutionListener, org.springframework.test.context.jdbc.SqlScriptsTestExecutionListener, org.springframework.test.context.event.EventPublishingTestExecutionListener]
21:00:39.789 [Test worker] INFO org.springframework.boot.test.context.SpringBootTestContextBootstrapper - Using TestExecutionListeners: [org.springframework.test.context.web.ServletTestExecutionListener@3526def5, org.springframework.test.context.support.DirtiesContextBeforeModesTestExecutionListener@1577dcc3, org.springframework.test.context.event.ApplicationEventsTestExecutionListener@74e41db4, org.springframework.boot.test.mock.mockito.MockitoTestExecutionListener@1bf39aba, org.springframework.boot.test.autoconfigure.SpringBootDependencyInjectionTestExecutionListener@18212e47, org.springframework.test.context.support.DirtiesContextTestExecutionListener@339b6844, org.springframework.test.context.transaction.TransactionalTestExecutionListener@67c6ca3e, org.springframework.test.context.jdbc.SqlScriptsTestExecutionListener@60e7ba36, org.springframework.test.context.event.EventPublishingTestExecutionListener@7125e37b, org.springframework.boot.test.autoconfigure.restdocs.RestDocsTestExecutionListener@19947c53, org.springframework.boot.test.autoconfigure.web.client.MockRestServiceServerResetTestExecutionListener@48d2d265, org.springframework.boot.test.autoconfigure.web.servlet.MockMvcPrintOnlyOnFailureTestExecutionListener@1539f743, org.springframework.boot.test.autoconfigure.web.servlet.WebDriverTestExecutionListener@4b59f0a4, org.springframework.boot.test.autoconfigure.webservices.client.MockWebServiceServerTestExecutionListener@71956b78, org.springframework.boot.test.mock.mockito.ResetMocksTestExecutionListener@2f8aced5]
21:00:39.798 [Test worker] DEBUG org.springframework.test.context.support.AbstractDirtiesContextTestExecutionListener - Before test class: context [DefaultTestContext@23b92613 testClass = ChatServiceTests, testInstance = [null], testMethod = [null], testException = [null], mergedContextConfiguration = [WebMergedContextConfiguration@7ccac889 testClass = ChatServiceTests, locations = '{}', classes = '{class edu.escuelaing.ieti.startapp.StartappApplication}', contextInitializerClasses = '[]', activeProfiles = '{}', propertySourceLocations = '{}', propertySourceProperties = '{org.springframework.boot.test.context.SpringBootTestContextBootstrapper=true}', contextCustomizers = set[org.springframework.boot.test.autoconfigure.actuate.metrics.MetricsExportContextCustomizerFactory$DisableMetricExportContextCustomizer@64c0b0bf, org.springframework.boot.test.autoconfigure.properties.PropertyMappingContextCustomizer@4b3fa0b3, org.springframework.boot.test.autoconfigure.web.servlet.WebDriverContextCustomizerFactory$Customizer@69c14d5c, [ImportsContextCustomizer@21642474 key = [org.springframework.boot.test.autoconfigure.web.servlet.MockMvcAutoConfiguration, org.springframework.boot.test.autoconfigure.web.servlet.MockMvcWebClientAutoConfiguration, org.springframework.boot.test.autoconfigure.web.servlet.MockMvcWebDriverAutoConfiguration, org.springframework.boot.autoconfigure.security.oauth2.client.servlet.OAuth2ClientAutoConfiguration, org.springframework.boot.autoconfigure.security.oauth2.resource.servlet.OAuth2ResourceServerAutoConfiguration, org.springframework.boot.autoconfigure.security.servlet.SecurityAutoConfiguration, org.springframework.boot.autoconfigure.security.servlet.SecurityFilterAutoConfiguration, org.springframework.boot.autoconfigure.security.servlet.UserDetailsServiceAutoConfiguration, org.springframework.boot.test.autoconfigure.web.servlet.MockMvcSecurityConfiguration]], org.springframework.boot.test.context.filter.ExcludeFilterContextCustomizer@3180c666, org.springframework.boot.test.json.DuplicateJsonObjectContextCustomizerFactory$DuplicateJsonObjectContextCustomizer@8796958, org.springframework.boot.test.mock.mockito.MockitoContextCustomizer@0, org.springframework.boot.test.web.client.TestRestTemplateContextCustomizer@4f0ae88a, org.springframework.boot.test.context.SpringBootTestArgs@1, org.springframework.boot.test.context.SpringBootTestWebEnvironment@170f8490], resourceBasePath = 'src/main/webapp', contextLoader = 'org.springframework.boot.test.context.SpringBootContextLoader', parent = [null]], attributes = map['org.springframework.test.context.web.ServletTestExecutionListener.activateListener' -> true]], class annotated with @DirtiesContext [false] with mode [null].
21:00:40.598 [Test worker] DEBUG org.springframework.test.context.support.TestPropertySourceUtils - Adding inlined properties to environment: {spring.jmx.enabled=false, org.springframework.boot.test.context.SpringBootTestContextBootstrapper=true}

  .   ____          _            __ _ _
 /\\ / ___'_ __ _ _(_)_ __  __ _ \ \ \ \
( ( )\___ | '_ | '_| | '_ \/ _` | \ \ \ \
 \\/  ___)| |_)| | | | | || (_| |  ) ) ) )
  '  |____| .__|_| |_|_| |_\__, | / / / /
 =========|_|==============|___/=/_/_/_/
 :: Spring Boot ::                (v2.4.4)

2021-05-10 21:00:41.151  INFO 12844 --- [    Test worker] e.e.i.s.business.ChatServiceTests        : Starting ChatServiceTests using Java 11.0.11 on DESARROLLO148 with PID 12844 (started by abohorquez in C:\Users\abohorquez\Documents\Universidad\StartApp-Backend)
2021-05-10 21:00:41.156  INFO 12844 --- [    Test worker] e.e.i.s.business.ChatServiceTests        : No active profile set, falling back to default profiles: default
2021-05-10 21:00:42.080  INFO 12844 --- [    Test worker] .s.d.r.c.RepositoryConfigurationDelegate : Bootstrapping Spring Data MongoDB repositories in DEFAULT mode.
2021-05-10 21:00:42.210  INFO 12844 --- [    Test worker] .s.d.r.c.RepositoryConfigurationDelegate : Finished Spring Data repository scanning in 120 ms. Found 5 MongoDB repository interfaces.
2021-05-10 21:00:43.562  WARN 12844 --- [    Test worker] c.a.a.p.i.BasicProfileConfigLoader       : Your profile name includes a 'profile ' prefix. This is considered part of the profile name in the Java SDK, so you will need to include this prefix in your profile name when you reference this profile from your Java code.
2021-05-10 21:00:43.564  WARN 12844 --- [    Test worker] c.a.a.p.i.BasicProfileConfigLoader       : Your profile name includes a 'profile ' prefix. This is considered part of the profile name in the Java SDK, so you will need to include this prefix in your profile name when you reference this profile from your Java code.
2021-05-10 21:00:43.564  WARN 12844 --- [    Test worker] c.a.a.p.i.BasicProfileConfigLoader       : Your profile name includes a 'profile ' prefix. This is considered part of the profile name in the Java SDK, so you will need to include this prefix in your profile name when you reference this profile from your Java code.
2021-05-10 21:00:43.789  WARN 12844 --- [    Test worker] c.a.a.p.i.BasicProfileConfigLoader       : Your profile name includes a 'profile ' prefix. This is considered part of the profile name in the Java SDK, so you will need to include this prefix in your profile name when you reference this profile from your Java code.
2021-05-10 21:00:43.789  WARN 12844 --- [    Test worker] c.a.a.p.i.BasicProfileConfigLoader       : Your profile name includes a 'profile ' prefix. This is considered part of the profile name in the Java SDK, so you will need to include this prefix in your profile name when you reference this profile from your Java code.
2021-05-10 21:00:43.790  WARN 12844 --- [    Test worker] c.a.a.p.i.BasicProfileConfigLoader       : Your profile name includes a 'profile ' prefix. This is considered part of the profile name in the Java SDK, so you will need to include this prefix in your profile name when you reference this profile from your Java code.
2021-05-10 21:00:44.167  WARN 12844 --- [    Test worker] c.a.a.p.i.BasicProfileConfigLoader       : Your profile name includes a 'profile ' prefix. This is considered part of the profile name in the Java SDK, so you will need to include this prefix in your profile name when you reference this profile from your Java code.
2021-05-10 21:00:44.168  WARN 12844 --- [    Test worker] c.a.a.p.i.BasicProfileConfigLoader       : Your profile name includes a 'profile ' prefix. This is considered part of the profile name in the Java SDK, so you will need to include this prefix in your profile name when you reference this profile from your Java code.
2021-05-10 21:00:44.168  WARN 12844 --- [    Test worker] c.a.a.p.i.BasicProfileConfigLoader       : Your profile name includes a 'profile ' prefix. This is considered part of the profile name in the Java SDK, so you will need to include this prefix in your profile name when you reference this profile from your Java code.
2021-05-10 21:00:44.250  WARN 12844 --- [    Test worker] c.a.a.p.i.BasicProfileConfigLoader       : Your profile name includes a 'profile ' prefix. This is considered part of the profile name in the Java SDK, so you will need to include this prefix in your profile name when you reference this profile from your Java code.
2021-05-10 21:00:44.251  WARN 12844 --- [    Test worker] c.a.a.p.i.BasicProfileConfigLoader       : Your profile name includes a 'profile ' prefix. This is considered part of the profile name in the Java SDK, so you will need to include this prefix in your profile name when you reference this profile from your Java code.
2021-05-10 21:00:44.251  WARN 12844 --- [    Test worker] c.a.a.p.i.BasicProfileConfigLoader       : Your profile name includes a 'profile ' prefix. This is considered part of the profile name in the Java SDK, so you will need to include this prefix in your profile name when you reference this profile from your Java code.
2021-05-10 21:00:44.919  INFO 12844 --- [       Thread-6] o.s.b.a.mongo.embedded.EmbeddedMongo     : note: noprealloc may hurt performance in many applications
2021-05-10 21:00:45.007  INFO 12844 --- [       Thread-6] o.s.b.a.mongo.embedded.EmbeddedMongo     : 2021-05-10T21:00:45.007-0500 I CONTROL  [initandlisten] MongoDB starting : pid=6160 port=50773 dbpath=C:\Users\ABOHOR~1\AppData\Local\Temp\embedmongo-db-a2292f70-1f7f-4336-8f79-e47051f77cbc 64-bit host=DESARROLLO148
2021-05-10 21:00:45.007  INFO 12844 --- [       Thread-6] o.s.b.a.mongo.embedded.EmbeddedMongo     : 2021-05-10T21:00:45.008-0500 I CONTROL  [initandlisten] targetMinOS: Windows Vista/Windows Server 2008
2021-05-10 21:00:45.008  INFO 12844 --- [       Thread-6] o.s.b.a.mongo.embedded.EmbeddedMongo     : 2021-05-10T21:00:45.008-0500 I CONTROL  [initandlisten] db version v3.5.5
2021-05-10 21:00:45.008  INFO 12844 --- [       Thread-6] o.s.b.a.mongo.embedded.EmbeddedMongo     : 2021-05-10T21:00:45.008-0500 I CONTROL  [initandlisten] git version: 98515c812b6fa893613f063dae568ff8319cbfbd
2021-05-10 21:00:45.009  INFO 12844 --- [       Thread-6] o.s.b.a.mongo.embedded.EmbeddedMongo     : 2021-05-10T21:00:45.008-0500 I CONTROL  [initandlisten] allocator: tcmalloc
2021-05-10 21:00:45.009  INFO 12844 --- [       Thread-6] o.s.b.a.mongo.embedded.EmbeddedMongo     : 2021-05-10T21:00:45.008-0500 I CONTROL  [initandlisten] modules: none
2021-05-10 21:00:45.009  INFO 12844 --- [       Thread-6] o.s.b.a.mongo.embedded.EmbeddedMongo     : 2021-05-10T21:00:45.008-0500 I CONTROL  [initandlisten] build environment:
2021-05-10 21:00:45.009  INFO 12844 --- [       Thread-6] o.s.b.a.mongo.embedded.EmbeddedMongo     : 2021-05-10T21:00:45.008-0500 I CONTROL  [initandlisten]     distarch: x86_64
2021-05-10 21:00:45.010  INFO 12844 --- [       Thread-6] o.s.b.a.mongo.embedded.EmbeddedMongo     : 2021-05-10T21:00:45.008-0500 I CONTROL  [initandlisten]     target_arch: x86_64
2021-05-10 21:00:45.010  INFO 12844 --- [       Thread-6] o.s.b.a.mongo.embedded.EmbeddedMongo     : 2021-05-10T21:00:45.008-0500 I CONTROL  [initandlisten] options: { net: { bindIp: "127.0.0.1", http: { enabled: false }, port: 50773 }, security: { authorization: "disabled" }, storage: { dbPath: "C:\Users\ABOHOR~1\AppData\Local\Temp\embedmongo-db-a2292f70-1f7f-4336-8f79-e47051f77cbc", journal: { enabled: false }, mmapv1: { preallocDataFiles: false, smallFiles: true }, syncPeriodSecs: 0.0 } }
2021-05-10 21:00:45.011  INFO 12844 --- [       Thread-6] o.s.b.a.mongo.embedded.EmbeddedMongo     : 2021-05-10T21:00:45.009-0500 I STORAGE  [initandlisten] wiredtiger_open config: create,cache_size=7627M,session_max=20000,eviction=(threads_min=4,threads_max=4),config_base=false,statistics=(fast),log=(enabled=true,archive=true,path=journal,compressor=snappy),file_manager=(close_idle_time=100000),checkpoint=(wait=0,log_size=2GB),statistics_log=(wait=0),verbose=(recovery_progress),,log=(enabled=false),
2021-05-10 21:00:45.096  INFO 12844 --- [       Thread-6] o.s.b.a.mongo.embedded.EmbeddedMongo     : 2021-05-10T21:00:45.096-0500 W STORAGE  [initandlisten] Detected configuration for non-active storage engine mmapv1 when current storage engine is wiredTiger
2021-05-10 21:00:45.096  INFO 12844 --- [       Thread-6] o.s.b.a.mongo.embedded.EmbeddedMongo     : 2021-05-10T21:00:45.096-0500 I CONTROL  [initandlisten] 
2021-05-10 21:00:45.096  INFO 12844 --- [       Thread-6] o.s.b.a.mongo.embedded.EmbeddedMongo     : 2021-05-10T21:00:45.096-0500 I CONTROL  [initandlisten] ** NOTE: This is a development version (3.5.5) of MongoDB.
2021-05-10 21:00:45.097  INFO 12844 --- [       Thread-6] o.s.b.a.mongo.embedded.EmbeddedMongo     : 2021-05-10T21:00:45.096-0500 I CONTROL  [initandlisten] **       Not recommended for production.
2021-05-10 21:00:45.097  INFO 12844 --- [       Thread-6] o.s.b.a.mongo.embedded.EmbeddedMongo     : 2021-05-10T21:00:45.096-0500 I CONTROL  [initandlisten] 
2021-05-10 21:00:45.677  INFO 12844 --- [       Thread-6] o.s.b.a.mongo.embedded.EmbeddedMongo     : 2021-05-10T21:00:45.677-0500 W FTDC     [initandlisten] Failed to initialize Performance Counters for FTDC: WindowsPdhError: PdhExpandCounterPathW failed with 'El objeto especificado no se encontrÃ³ en el equipo.' for counter '\Memory\Available Bytes'
2021-05-10 21:00:45.677  INFO 12844 --- [       Thread-6] o.s.b.a.mongo.embedded.EmbeddedMongo     : 2021-05-10T21:00:45.677-0500 I FTDC     [initandlisten] Initializing full-time diagnostic data capture with directory 'C:/Users/ABOHOR~1/AppData/Local/Temp/embedmongo-db-a2292f70-1f7f-4336-8f79-e47051f77cbc/diagnostic.data'
2021-05-10 21:00:45.710  INFO 12844 --- [       Thread-6] o.s.b.a.mongo.embedded.EmbeddedMongo     : 2021-05-10T21:00:45.710-0500 I INDEX    [initandlisten] build index on: admin.system.version properties: { v: 2, key: { version: 1 }, name: "incompatible_with_version_32", ns: "admin.system.version" }
2021-05-10 21:00:45.710  INFO 12844 --- [       Thread-6] o.s.b.a.mongo.embedded.EmbeddedMongo     : 2021-05-10T21:00:45.710-0500 I INDEX    [initandlisten] 	 building index using bulk method; build may temporarily use up to 500 megabytes of RAM
2021-05-10 21:00:45.713  INFO 12844 --- [       Thread-6] o.s.b.a.mongo.embedded.EmbeddedMongo     : 2021-05-10T21:00:45.714-0500 I INDEX    [initandlisten] build index done.  scanned 0 total records. 0 secs
2021-05-10 21:00:45.714  INFO 12844 --- [       Thread-6] o.s.b.a.mongo.embedded.EmbeddedMongo     : 2021-05-10T21:00:45.715-0500 I COMMAND  [initandlisten] setting featureCompatibilityVersion to 3.4
2021-05-10 21:00:45.716  INFO 12844 --- [       Thread-6] o.s.b.a.mongo.embedded.EmbeddedMongo     : 2021-05-10T21:00:45.716-0500 I NETWORK  [thread1] waiting for connections on port 50773
2021-05-10 21:00:45.716  INFO 12844 --- [    Test worker] d.f.embed.mongo.MongodExecutable         : start de.flapdoodle.embed.mongo.config.MongodConfigBuilder$ImmutableMongodConfig@5d1981dc
2021-05-10 21:00:45.855  INFO 12844 --- [    Test worker] org.mongodb.driver.cluster               : Cluster created with settings {hosts=[localhost:50773], mode=SINGLE, requiredClusterType=UNKNOWN, serverSelectionTimeout='30000 ms'}
2021-05-10 21:00:45.932  INFO 12844 --- [       Thread-6] o.s.b.a.mongo.embedded.EmbeddedMongo     : 2021-05-10T21:00:45.932-0500 I NETWORK  [thread1] connection accepted from 127.0.0.1:50776 #1 (1 connection now open)
2021-05-10 21:00:45.934  INFO 12844 --- [       Thread-6] o.s.b.a.mongo.embedded.EmbeddedMongo     : 2021-05-10T21:00:45.933-0500 I NETWORK  [thread1] connection accepted from 127.0.0.1:50777 #2 (2 connections now open)
2021-05-10 21:00:45.953  INFO 12844 --- [       Thread-6] o.s.b.a.mongo.embedded.EmbeddedMongo     : 2021-05-10T21:00:45.952-0500 I NETWORK  [conn1] received client metadata from 127.0.0.1:50776 conn1: { driver: { name: "mongo-java-driver|sync|spring-boot", version: "4.1.2" }, os: { type: "Windows", name: "Windows 10", architecture: "amd64", version: "10.0" }, platform: "Java/Amazon.com Inc./11.0.11+9-LTS" }
2021-05-10 21:00:45.953  INFO 12844 --- [       Thread-6] o.s.b.a.mongo.embedded.EmbeddedMongo     : 2021-05-10T21:00:45.952-0500 I NETWORK  [conn2] received client metadata from 127.0.0.1:50777 conn2: { driver: { name: "mongo-java-driver|sync|spring-boot", version: "4.1.2" }, os: { type: "Windows", name: "Windows 10", architecture: "amd64", version: "10.0" }, platform: "Java/Amazon.com Inc./11.0.11+9-LTS" }
2021-05-10 21:00:45.978  INFO 12844 --- [localhost:50773] org.mongodb.driver.connection            : Opened connection [connectionId{localValue:1, serverValue:1}] to localhost:50773
2021-05-10 21:00:45.978  INFO 12844 --- [localhost:50773] org.mongodb.driver.connection            : Opened connection [connectionId{localValue:2, serverValue:2}] to localhost:50773
2021-05-10 21:00:45.978  INFO 12844 --- [localhost:50773] org.mongodb.driver.cluster               : Monitor thread successfully connected to server with description ServerDescription{address=localhost:50773, type=STANDALONE, state=CONNECTED, ok=true, minWireVersion=0, maxWireVersion=5, maxDocumentSize=16777216, logicalSessionTimeoutMinutes=null, roundTripTimeNanos=39839400}
2021-05-10 21:00:46.201  WARN 12844 --- [    Test worker] o.s.data.convert.CustomConversions       : Registering converter from class java.time.LocalDateTime to class org.joda.time.LocalDateTime as reading converter although it doesn't convert from a store-supported type! You might want to check your annotation setup at the converter implementation.
2021-05-10 21:00:46.368  WARN 12844 --- [    Test worker] o.s.data.convert.CustomConversions       : Registering converter from class java.time.LocalDateTime to class org.joda.time.LocalDateTime as reading converter although it doesn't convert from a store-supported type! You might want to check your annotation setup at the converter implementation.
2021-05-10 21:00:47.586  INFO 12844 --- [    Test worker] o.s.s.concurrent.ThreadPoolTaskExecutor  : Initializing ExecutorService 'applicationTaskExecutor'
2021-05-10 21:00:48.428  INFO 12844 --- [    Test worker] o.s.b.t.m.w.SpringBootMockServletContext : Initializing Spring TestDispatcherServlet ''
2021-05-10 21:00:48.428  INFO 12844 --- [    Test worker] o.s.t.web.servlet.TestDispatcherServlet  : Initializing Servlet ''
2021-05-10 21:00:48.432  INFO 12844 --- [    Test worker] o.s.t.web.servlet.TestDispatcherServlet  : Completed initialization in 4 ms
2021-05-10 21:00:48.463  INFO 12844 --- [    Test worker] e.e.i.s.business.ChatServiceTests        : Started ChatServiceTests in 7.848 seconds (JVM running for 11.446)
]]></system-out>
  <system-err><![CDATA[]]></system-err>
</testsuite>
