<?xml version="1.0" encoding="UTF-8"?>
<testsuite name="edu.escuelaing.ieti.startapp.web.UploadFileControllerTests" tests="2" skipped="0" failures="0" errors="0" timestamp="2021-05-11T02:00:52" hostname="DESARROLLO148" time="0.022">
  <properties/>
  <testcase name="shouldUploadFile()" classname="edu.escuelaing.ieti.startapp.web.UploadFileControllerTests" time="0.012"/>
  <testcase name="shouldNotUploadFile()" classname="edu.escuelaing.ieti.startapp.web.UploadFileControllerTests" time="0.007"/>
  <system-out><![CDATA[2021-05-10 21:00:52.748  INFO 12844 --- [    Test worker] .b.t.c.SpringBootTestContextBootstrapper : Neither @ContextConfiguration nor @ContextHierarchy found for test class [edu.escuelaing.ieti.startapp.web.UploadFileControllerTests], using SpringBootContextLoader
2021-05-10 21:00:52.751  INFO 12844 --- [    Test worker] o.s.t.c.support.AbstractContextLoader    : Could not detect default resource locations for test class [edu.escuelaing.ieti.startapp.web.UploadFileControllerTests]: no resource found for suffixes {-context.xml, Context.groovy}.
2021-05-10 21:00:52.751  INFO 12844 --- [    Test worker] t.c.s.AnnotationConfigContextLoaderUtils : Could not detect default configuration classes for test class [edu.escuelaing.ieti.startapp.web.UploadFileControllerTests]: UploadFileControllerTests does not declare any static, non-private, non-final, nested classes annotated with @Configuration.
2021-05-10 21:00:52.756  INFO 12844 --- [    Test worker] .b.t.c.SpringBootTestContextBootstrapper : Found @SpringBootConfiguration edu.escuelaing.ieti.startapp.StartappApplication for test class edu.escuelaing.ieti.startapp.web.UploadFileControllerTests
2021-05-10 21:00:52.765  INFO 12844 --- [    Test worker] .b.t.c.SpringBootTestContextBootstrapper : Loaded default TestExecutionListener class names from location [META-INF/spring.factories]: [org.springframework.boot.test.autoconfigure.restdocs.RestDocsTestExecutionListener, org.springframework.boot.test.autoconfigure.web.client.MockRestServiceServerResetTestExecutionListener, org.springframework.boot.test.autoconfigure.web.servlet.MockMvcPrintOnlyOnFailureTestExecutionListener, org.springframework.boot.test.autoconfigure.web.servlet.WebDriverTestExecutionListener, org.springframework.boot.test.autoconfigure.webservices.client.MockWebServiceServerTestExecutionListener, org.springframework.boot.test.mock.mockito.MockitoTestExecutionListener, org.springframework.boot.test.mock.mockito.ResetMocksTestExecutionListener, org.springframework.test.context.web.ServletTestExecutionListener, org.springframework.test.context.support.DirtiesContextBeforeModesTestExecutionListener, org.springframework.test.context.event.ApplicationEventsTestExecutionListener, org.springframework.test.context.support.DependencyInjectionTestExecutionListener, org.springframework.test.context.support.DirtiesContextTestExecutionListener, org.springframework.test.context.transaction.TransactionalTestExecutionListener, org.springframework.test.context.jdbc.SqlScriptsTestExecutionListener, org.springframework.test.context.event.EventPublishingTestExecutionListener]
2021-05-10 21:00:52.766  INFO 12844 --- [    Test worker] .b.t.c.SpringBootTestContextBootstrapper : Using TestExecutionListeners: [org.springframework.test.context.web.ServletTestExecutionListener@225c2d74, org.springframework.test.context.support.DirtiesContextBeforeModesTestExecutionListener@4101cc75, org.springframework.test.context.event.ApplicationEventsTestExecutionListener@757b20e2, org.springframework.boot.test.mock.mockito.MockitoTestExecutionListener@49e7f893, org.springframework.boot.test.autoconfigure.SpringBootDependencyInjectionTestExecutionListener@a934b56, org.springframework.test.context.support.DirtiesContextTestExecutionListener@45be4c15, org.springframework.test.context.transaction.TransactionalTestExecutionListener@696e0870, org.springframework.test.context.jdbc.SqlScriptsTestExecutionListener@1f3b56ae, org.springframework.test.context.event.EventPublishingTestExecutionListener@f6277e4, org.springframework.boot.test.autoconfigure.restdocs.RestDocsTestExecutionListener@380b4cf9, org.springframework.boot.test.autoconfigure.web.client.MockRestServiceServerResetTestExecutionListener@21bffe00, org.springframework.boot.test.autoconfigure.web.servlet.MockMvcPrintOnlyOnFailureTestExecutionListener@647452bf, org.springframework.boot.test.autoconfigure.web.servlet.WebDriverTestExecutionListener@78b5d482, org.springframework.boot.test.autoconfigure.webservices.client.MockWebServiceServerTestExecutionListener@1a3b33e9, org.springframework.boot.test.mock.mockito.ResetMocksTestExecutionListener@44aa9150]
]]></system-out>
  <system-err><![CDATA[]]></system-err>
</testsuite>
