<?xml version="1.0" encoding="UTF-8"?>
<testsuite name="edu.escuelaing.ieti.startapp.web.ProjectControllerTests" tests="5" skipped="0" failures="0" errors="0" timestamp="2021-05-11T02:00:52" hostname="DESARROLLO148" time="0.057">
  <properties/>
  <testcase name="shouldNotCreateProject()" classname="edu.escuelaing.ieti.startapp.web.ProjectControllerTests" time="0.019"/>
  <testcase name="shouldCreateProject()" classname="edu.escuelaing.ieti.startapp.web.ProjectControllerTests" time="0.008"/>
  <testcase name="shouldNotGetProjectById()" classname="edu.escuelaing.ieti.startapp.web.ProjectControllerTests" time="0.01"/>
  <testcase name="shouldGetProjectById()" classname="edu.escuelaing.ieti.startapp.web.ProjectControllerTests" time="0.005"/>
  <testcase name="shouldGetAllProjects()" classname="edu.escuelaing.ieti.startapp.web.ProjectControllerTests" time="0.005"/>
  <system-out><![CDATA[2021-05-10 21:00:52.544  INFO 12844 --- [    Test worker] .b.t.c.SpringBootTestContextBootstrapper : Neither @ContextConfiguration nor @ContextHierarchy found for test class [edu.escuelaing.ieti.startapp.web.ProjectControllerTests], using SpringBootContextLoader
2021-05-10 21:00:52.546  INFO 12844 --- [    Test worker] o.s.t.c.support.AbstractContextLoader    : Could not detect default resource locations for test class [edu.escuelaing.ieti.startapp.web.ProjectControllerTests]: no resource found for suffixes {-context.xml, Context.groovy}.
2021-05-10 21:00:52.546  INFO 12844 --- [    Test worker] t.c.s.AnnotationConfigContextLoaderUtils : Could not detect default configuration classes for test class [edu.escuelaing.ieti.startapp.web.ProjectControllerTests]: ProjectControllerTests does not declare any static, non-private, non-final, nested classes annotated with @Configuration.
2021-05-10 21:00:52.549  INFO 12844 --- [    Test worker] .b.t.c.SpringBootTestContextBootstrapper : Found @SpringBootConfiguration edu.escuelaing.ieti.startapp.StartappApplication for test class edu.escuelaing.ieti.startapp.web.ProjectControllerTests
2021-05-10 21:00:52.552  INFO 12844 --- [    Test worker] .b.t.c.SpringBootTestContextBootstrapper : Loaded default TestExecutionListener class names from location [META-INF/spring.factories]: [org.springframework.boot.test.autoconfigure.restdocs.RestDocsTestExecutionListener, org.springframework.boot.test.autoconfigure.web.client.MockRestServiceServerResetTestExecutionListener, org.springframework.boot.test.autoconfigure.web.servlet.MockMvcPrintOnlyOnFailureTestExecutionListener, org.springframework.boot.test.autoconfigure.web.servlet.WebDriverTestExecutionListener, org.springframework.boot.test.autoconfigure.webservices.client.MockWebServiceServerTestExecutionListener, org.springframework.boot.test.mock.mockito.MockitoTestExecutionListener, org.springframework.boot.test.mock.mockito.ResetMocksTestExecutionListener, org.springframework.test.context.web.ServletTestExecutionListener, org.springframework.test.context.support.DirtiesContextBeforeModesTestExecutionListener, org.springframework.test.context.event.ApplicationEventsTestExecutionListener, org.springframework.test.context.support.DependencyInjectionTestExecutionListener, org.springframework.test.context.support.DirtiesContextTestExecutionListener, org.springframework.test.context.transaction.TransactionalTestExecutionListener, org.springframework.test.context.jdbc.SqlScriptsTestExecutionListener, org.springframework.test.context.event.EventPublishingTestExecutionListener]
2021-05-10 21:00:52.553  INFO 12844 --- [    Test worker] .b.t.c.SpringBootTestContextBootstrapper : Using TestExecutionListeners: [org.springframework.test.context.web.ServletTestExecutionListener@1a7e781c, org.springframework.test.context.support.DirtiesContextBeforeModesTestExecutionListener@2d115253, org.springframework.test.context.event.ApplicationEventsTestExecutionListener@230c731b, org.springframework.boot.test.mock.mockito.MockitoTestExecutionListener@2f32885, org.springframework.boot.test.autoconfigure.SpringBootDependencyInjectionTestExecutionListener@6b241e5f, org.springframework.test.context.support.DirtiesContextTestExecutionListener@4c004aa2, org.springframework.test.context.transaction.TransactionalTestExecutionListener@c547c92, org.springframework.test.context.jdbc.SqlScriptsTestExecutionListener@17f8da9d, org.springframework.test.context.event.EventPublishingTestExecutionListener@5ce5f8db, org.springframework.boot.test.autoconfigure.restdocs.RestDocsTestExecutionListener@12fefcbf, org.springframework.boot.test.autoconfigure.web.client.MockRestServiceServerResetTestExecutionListener@3d61a29e, org.springframework.boot.test.autoconfigure.web.servlet.MockMvcPrintOnlyOnFailureTestExecutionListener@6c1cbb9d, org.springframework.boot.test.autoconfigure.web.servlet.WebDriverTestExecutionListener@1f4cb5e5, org.springframework.boot.test.autoconfigure.webservices.client.MockWebServiceServerTestExecutionListener@7ab2a9b7, org.springframework.boot.test.mock.mockito.ResetMocksTestExecutionListener@4af7912d]
]]></system-out>
  <system-err><![CDATA[]]></system-err>
</testsuite>
