<?xml version="1.0" encoding="UTF-8"?>
<testsuite name="edu.escuelaing.ieti.startapp.business.FileServiceTests" tests="4" skipped="0" failures="0" errors="0" timestamp="2021-05-11T01:04:19" hostname="DESARROLLO148" time="0.206">
  <properties/>
  <testcase name="shouldUploadDocumentFile()" classname="edu.escuelaing.ieti.startapp.business.FileServiceTests" time="0.186"/>
  <testcase name="shouldUploadImageFile()" classname="edu.escuelaing.ieti.startapp.business.FileServiceTests" time="0.015"/>
  <testcase name="shouldStartEmbeddedS3()" classname="edu.escuelaing.ieti.startapp.business.FileServiceTests" time="0.001"/>
  <testcase name="shouldNotUploadFile()" classname="edu.escuelaing.ieti.startapp.business.FileServiceTests" time="0.002"/>
  <system-out><![CDATA[]]></system-out>
  <system-err><![CDATA[]]></system-err>
</testsuite>
