<?xml version="1.0" encoding="UTF-8"?>
<testsuite name="edu.escuelaing.ieti.startapp.business.ProjectServiceTests" tests="5" skipped="0" failures="0" errors="0" timestamp="2021-05-11T02:00:52" hostname="DESARROLLO148" time="0.047">
  <properties/>
  <testcase name="souldNotGetProjectById()" classname="edu.escuelaing.ieti.startapp.business.ProjectServiceTests" time="0.01"/>
  <testcase name="souldAddInversion()" classname="edu.escuelaing.ieti.startapp.business.ProjectServiceTests" time="0.007"/>
  <testcase name="souldGetProjectById()" classname="edu.escuelaing.ieti.startapp.business.ProjectServiceTests" time="0.007"/>
  <testcase name="shouldSaveProject()" classname="edu.escuelaing.ieti.startapp.business.ProjectServiceTests" time="0.007"/>
  <testcase name="souldGetAllProjects()" classname="edu.escuelaing.ieti.startapp.business.ProjectServiceTests" time="0.006"/>
  <system-out><![CDATA[2021-05-10 21:00:51.934  INFO 12844 --- [    Test worker] .b.t.c.SpringBootTestContextBootstrapper : Neither @ContextConfiguration nor @ContextHierarchy found for test class [edu.escuelaing.ieti.startapp.business.ProjectServiceTests], using SpringBootContextLoader
2021-05-10 21:00:51.935  INFO 12844 --- [    Test worker] o.s.t.c.support.AbstractContextLoader    : Could not detect default resource locations for test class [edu.escuelaing.ieti.startapp.business.ProjectServiceTests]: no resource found for suffixes {-context.xml, Context.groovy}.
2021-05-10 21:00:51.936  INFO 12844 --- [    Test worker] t.c.s.AnnotationConfigContextLoaderUtils : Could not detect default configuration classes for test class [edu.escuelaing.ieti.startapp.business.ProjectServiceTests]: ProjectServiceTests does not declare any static, non-private, non-final, nested classes annotated with @Configuration.
2021-05-10 21:00:51.940  INFO 12844 --- [    Test worker] .b.t.c.SpringBootTestContextBootstrapper : Found @SpringBootConfiguration edu.escuelaing.ieti.startapp.StartappApplication for test class edu.escuelaing.ieti.startapp.business.ProjectServiceTests
2021-05-10 21:00:51.944  INFO 12844 --- [    Test worker] .b.t.c.SpringBootTestContextBootstrapper : Loaded default TestExecutionListener class names from location [META-INF/spring.factories]: [org.springframework.boot.test.autoconfigure.restdocs.RestDocsTestExecutionListener, org.springframework.boot.test.autoconfigure.web.client.MockRestServiceServerResetTestExecutionListener, org.springframework.boot.test.autoconfigure.web.servlet.MockMvcPrintOnlyOnFailureTestExecutionListener, org.springframework.boot.test.autoconfigure.web.servlet.WebDriverTestExecutionListener, org.springframework.boot.test.autoconfigure.webservices.client.MockWebServiceServerTestExecutionListener, org.springframework.boot.test.mock.mockito.MockitoTestExecutionListener, org.springframework.boot.test.mock.mockito.ResetMocksTestExecutionListener, org.springframework.test.context.web.ServletTestExecutionListener, org.springframework.test.context.support.DirtiesContextBeforeModesTestExecutionListener, org.springframework.test.context.event.ApplicationEventsTestExecutionListener, org.springframework.test.context.support.DependencyInjectionTestExecutionListener, org.springframework.test.context.support.DirtiesContextTestExecutionListener, org.springframework.test.context.transaction.TransactionalTestExecutionListener, org.springframework.test.context.jdbc.SqlScriptsTestExecutionListener, org.springframework.test.context.event.EventPublishingTestExecutionListener]
2021-05-10 21:00:51.944  INFO 12844 --- [    Test worker] .b.t.c.SpringBootTestContextBootstrapper : Using TestExecutionListeners: [org.springframework.test.context.web.ServletTestExecutionListener@608a833, org.springframework.test.context.support.DirtiesContextBeforeModesTestExecutionListener@72932d9, org.springframework.test.context.event.ApplicationEventsTestExecutionListener@4b24af9e, org.springframework.boot.test.mock.mockito.MockitoTestExecutionListener@28501447, org.springframework.boot.test.autoconfigure.SpringBootDependencyInjectionTestExecutionListener@6b5a784e, org.springframework.test.context.support.DirtiesContextTestExecutionListener@25ab2006, org.springframework.test.context.transaction.TransactionalTestExecutionListener@4b9d3372, org.springframework.test.context.jdbc.SqlScriptsTestExecutionListener@6347f46a, org.springframework.test.context.event.EventPublishingTestExecutionListener@5be77844, org.springframework.boot.test.autoconfigure.restdocs.RestDocsTestExecutionListener@27b0d82e, org.springframework.boot.test.autoconfigure.web.client.MockRestServiceServerResetTestExecutionListener@5947909, org.springframework.boot.test.autoconfigure.web.servlet.MockMvcPrintOnlyOnFailureTestExecutionListener@59ac3975, org.springframework.boot.test.autoconfigure.web.servlet.WebDriverTestExecutionListener@39695f5c, org.springframework.boot.test.autoconfigure.webservices.client.MockWebServiceServerTestExecutionListener@18b981f7, org.springframework.boot.test.mock.mockito.ResetMocksTestExecutionListener@3e43ffd8]
]]></system-out>
  <system-err><![CDATA[]]></system-err>
</testsuite>
