<?xml version="1.0" encoding="UTF-8"?>
<testsuite name="edu.escuelaing.ieti.startapp.web.TicketControllerTests" tests="4" skipped="0" failures="0" errors="0" timestamp="2021-05-11T02:00:52" hostname="DESARROLLO148" time="0.04">
  <properties/>
  <testcase name="shouldGetTickets()" classname="edu.escuelaing.ieti.startapp.web.TicketControllerTests" time="0.012"/>
  <testcase name="shouldGetTicketBySender()" classname="edu.escuelaing.ieti.startapp.web.TicketControllerTests" time="0.008"/>
  <testcase name="shouldPublishTicket()" classname="edu.escuelaing.ieti.startapp.web.TicketControllerTests" time="0.008"/>
  <testcase name="shouldGetTicketsByReceptor()" classname="edu.escuelaing.ieti.startapp.web.TicketControllerTests" time="0.007"/>
  <system-out><![CDATA[2021-05-10 21:00:52.652  INFO 12844 --- [    Test worker] .b.t.c.SpringBootTestContextBootstrapper : Neither @ContextConfiguration nor @ContextHierarchy found for test class [edu.escuelaing.ieti.startapp.web.TicketControllerTests], using SpringBootContextLoader
2021-05-10 21:00:52.655  INFO 12844 --- [    Test worker] o.s.t.c.support.AbstractContextLoader    : Could not detect default resource locations for test class [edu.escuelaing.ieti.startapp.web.TicketControllerTests]: no resource found for suffixes {-context.xml, Context.groovy}.
2021-05-10 21:00:52.656  INFO 12844 --- [    Test worker] t.c.s.AnnotationConfigContextLoaderUtils : Could not detect default configuration classes for test class [edu.escuelaing.ieti.startapp.web.TicketControllerTests]: TicketControllerTests does not declare any static, non-private, non-final, nested classes annotated with @Configuration.
2021-05-10 21:00:52.660  INFO 12844 --- [    Test worker] .b.t.c.SpringBootTestContextBootstrapper : Found @SpringBootConfiguration edu.escuelaing.ieti.startapp.StartappApplication for test class edu.escuelaing.ieti.startapp.web.TicketControllerTests
2021-05-10 21:00:52.664  INFO 12844 --- [    Test worker] .b.t.c.SpringBootTestContextBootstrapper : Loaded default TestExecutionListener class names from location [META-INF/spring.factories]: [org.springframework.boot.test.autoconfigure.restdocs.RestDocsTestExecutionListener, org.springframework.boot.test.autoconfigure.web.client.MockRestServiceServerResetTestExecutionListener, org.springframework.boot.test.autoconfigure.web.servlet.MockMvcPrintOnlyOnFailureTestExecutionListener, org.springframework.boot.test.autoconfigure.web.servlet.WebDriverTestExecutionListener, org.springframework.boot.test.autoconfigure.webservices.client.MockWebServiceServerTestExecutionListener, org.springframework.boot.test.mock.mockito.MockitoTestExecutionListener, org.springframework.boot.test.mock.mockito.ResetMocksTestExecutionListener, org.springframework.test.context.web.ServletTestExecutionListener, org.springframework.test.context.support.DirtiesContextBeforeModesTestExecutionListener, org.springframework.test.context.event.ApplicationEventsTestExecutionListener, org.springframework.test.context.support.DependencyInjectionTestExecutionListener, org.springframework.test.context.support.DirtiesContextTestExecutionListener, org.springframework.test.context.transaction.TransactionalTestExecutionListener, org.springframework.test.context.jdbc.SqlScriptsTestExecutionListener, org.springframework.test.context.event.EventPublishingTestExecutionListener]
2021-05-10 21:00:52.664  INFO 12844 --- [    Test worker] .b.t.c.SpringBootTestContextBootstrapper : Using TestExecutionListeners: [org.springframework.test.context.web.ServletTestExecutionListener@5881b2a5, org.springframework.test.context.support.DirtiesContextBeforeModesTestExecutionListener@132e05ee, org.springframework.test.context.event.ApplicationEventsTestExecutionListener@3a533e18, org.springframework.boot.test.mock.mockito.MockitoTestExecutionListener@6e099165, org.springframework.boot.test.autoconfigure.SpringBootDependencyInjectionTestExecutionListener@3b48129b, org.springframework.test.context.support.DirtiesContextTestExecutionListener@582a6169, org.springframework.test.context.transaction.TransactionalTestExecutionListener@7b2a378a, org.springframework.test.context.jdbc.SqlScriptsTestExecutionListener@598a1333, org.springframework.test.context.event.EventPublishingTestExecutionListener@222d1e53, org.springframework.boot.test.autoconfigure.restdocs.RestDocsTestExecutionListener@29070256, org.springframework.boot.test.autoconfigure.web.client.MockRestServiceServerResetTestExecutionListener@33be69b, org.springframework.boot.test.autoconfigure.web.servlet.MockMvcPrintOnlyOnFailureTestExecutionListener@aa17e44, org.springframework.boot.test.autoconfigure.web.servlet.WebDriverTestExecutionListener@40b436c5, org.springframework.boot.test.autoconfigure.webservices.client.MockWebServiceServerTestExecutionListener@51309937, org.springframework.boot.test.mock.mockito.ResetMocksTestExecutionListener@de3b2b4]
]]></system-out>
  <system-err><![CDATA[]]></system-err>
</testsuite>
