<?xml version="1.0" encoding="UTF-8"?>
<testsuite name="edu.escuelaing.ieti.startapp.business.FileServiceTests" tests="4" skipped="0" failures="0" errors="0" timestamp="2021-05-11T02:00:51" hostname="DESARROLLO148" time="0.202">
  <properties/>
  <testcase name="shouldUploadDocumentFile()" classname="edu.escuelaing.ieti.startapp.business.FileServiceTests" time="0.181"/>
  <testcase name="shouldUploadImageFile()" classname="edu.escuelaing.ieti.startapp.business.FileServiceTests" time="0.015"/>
  <testcase name="shouldStartEmbeddedS3()" classname="edu.escuelaing.ieti.startapp.business.FileServiceTests" time="0.002"/>
  <testcase name="shouldNotUploadFile()" classname="edu.escuelaing.ieti.startapp.business.FileServiceTests" time="0.001"/>
  <system-out><![CDATA[2021-05-10 21:00:51.188  INFO 12844 --- [    Test worker] io.findify.s3mock.S3Mock                 : bound to 0.0.0.0:8001
2021-05-10 21:00:51.521  INFO 12844 --- [lt-dispatcher-3] io.findify.s3mock.route.CreateBucket     : PUT bucket ieti-2021-testsenvironment
2021-05-10 21:00:51.785  INFO 12844 --- [lt-dispatcher-4] io.findify.s3mock.route.PutObject        : put object ieti-2021-testsenvironment/example.pdf (unsigned)
2021-05-10 21:00:51.862  INFO 12844 --- [lt-dispatcher-3] io.findify.s3mock.route.PutObject        : put object ieti-2021-testsenvironment/example.jpg (unsigned)
]]></system-out>
  <system-err><![CDATA[]]></system-err>
</testsuite>
