<?xml version="1.0" encoding="UTF-8"?>
<testsuite name="edu.escuelaing.ieti.startapp.business.UserServiceTests" tests="8" skipped="0" failures="0" errors="0" timestamp="2021-05-11T02:00:52" hostname="DESARROLLO148" time="0.084">
  <properties/>
  <testcase name="shouldGetUserById()" classname="edu.escuelaing.ieti.startapp.business.UserServiceTests" time="0.009"/>
  <testcase name="shouldNotGetUserByRole()" classname="edu.escuelaing.ieti.startapp.business.UserServiceTests" time="0.007"/>
  <testcase name="shouldGetUserByRole()" classname="edu.escuelaing.ieti.startapp.business.UserServiceTests" time="0.008"/>
  <testcase name="shouldAddProjectToUser()" classname="edu.escuelaing.ieti.startapp.business.UserServiceTests" time="0.006"/>
  <testcase name="shouldSaveUser()" classname="edu.escuelaing.ieti.startapp.business.UserServiceTests" time="0.012"/>
  <testcase name="shouldNotGetUserByIdentificationAndRole()" classname="edu.escuelaing.ieti.startapp.business.UserServiceTests" time="0.01"/>
  <testcase name="shouldGetUserByIdentificationAndRole()" classname="edu.escuelaing.ieti.startapp.business.UserServiceTests" time="0.006"/>
  <testcase name="shouldNotGetUserById()" classname="edu.escuelaing.ieti.startapp.business.UserServiceTests" time="0.009"/>
  <system-out><![CDATA[2021-05-10 21:00:52.139  INFO 12844 --- [    Test worker] .b.t.c.SpringBootTestContextBootstrapper : Neither @ContextConfiguration nor @ContextHierarchy found for test class [edu.escuelaing.ieti.startapp.business.UserServiceTests], using SpringBootContextLoader
2021-05-10 21:00:52.141  INFO 12844 --- [    Test worker] o.s.t.c.support.AbstractContextLoader    : Could not detect default resource locations for test class [edu.escuelaing.ieti.startapp.business.UserServiceTests]: no resource found for suffixes {-context.xml, Context.groovy}.
2021-05-10 21:00:52.142  INFO 12844 --- [    Test worker] t.c.s.AnnotationConfigContextLoaderUtils : Could not detect default configuration classes for test class [edu.escuelaing.ieti.startapp.business.UserServiceTests]: UserServiceTests does not declare any static, non-private, non-final, nested classes annotated with @Configuration.
2021-05-10 21:00:52.148  INFO 12844 --- [    Test worker] .b.t.c.SpringBootTestContextBootstrapper : Found @SpringBootConfiguration edu.escuelaing.ieti.startapp.StartappApplication for test class edu.escuelaing.ieti.startapp.business.UserServiceTests
2021-05-10 21:00:52.153  INFO 12844 --- [    Test worker] .b.t.c.SpringBootTestContextBootstrapper : Loaded default TestExecutionListener class names from location [META-INF/spring.factories]: [org.springframework.boot.test.autoconfigure.restdocs.RestDocsTestExecutionListener, org.springframework.boot.test.autoconfigure.web.client.MockRestServiceServerResetTestExecutionListener, org.springframework.boot.test.autoconfigure.web.servlet.MockMvcPrintOnlyOnFailureTestExecutionListener, org.springframework.boot.test.autoconfigure.web.servlet.WebDriverTestExecutionListener, org.springframework.boot.test.autoconfigure.webservices.client.MockWebServiceServerTestExecutionListener, org.springframework.boot.test.mock.mockito.MockitoTestExecutionListener, org.springframework.boot.test.mock.mockito.ResetMocksTestExecutionListener, org.springframework.test.context.web.ServletTestExecutionListener, org.springframework.test.context.support.DirtiesContextBeforeModesTestExecutionListener, org.springframework.test.context.event.ApplicationEventsTestExecutionListener, org.springframework.test.context.support.DependencyInjectionTestExecutionListener, org.springframework.test.context.support.DirtiesContextTestExecutionListener, org.springframework.test.context.transaction.TransactionalTestExecutionListener, org.springframework.test.context.jdbc.SqlScriptsTestExecutionListener, org.springframework.test.context.event.EventPublishingTestExecutionListener]
2021-05-10 21:00:52.154  INFO 12844 --- [    Test worker] .b.t.c.SpringBootTestContextBootstrapper : Using TestExecutionListeners: [org.springframework.test.context.web.ServletTestExecutionListener@4eb4d5b3, org.springframework.test.context.support.DirtiesContextBeforeModesTestExecutionListener@16844e68, org.springframework.test.context.event.ApplicationEventsTestExecutionListener@5c688d39, org.springframework.boot.test.mock.mockito.MockitoTestExecutionListener@4cd01ad8, org.springframework.boot.test.autoconfigure.SpringBootDependencyInjectionTestExecutionListener@24a147bc, org.springframework.test.context.support.DirtiesContextTestExecutionListener@10e2ba4e, org.springframework.test.context.transaction.TransactionalTestExecutionListener@87bec2e, org.springframework.test.context.jdbc.SqlScriptsTestExecutionListener@44b13123, org.springframework.test.context.event.EventPublishingTestExecutionListener@6a0312ae, org.springframework.boot.test.autoconfigure.restdocs.RestDocsTestExecutionListener@6fb6f56a, org.springframework.boot.test.autoconfigure.web.client.MockRestServiceServerResetTestExecutionListener@387b7e2e, org.springframework.boot.test.autoconfigure.web.servlet.MockMvcPrintOnlyOnFailureTestExecutionListener@750e782b, org.springframework.boot.test.autoconfigure.web.servlet.WebDriverTestExecutionListener@76a9246, org.springframework.boot.test.autoconfigure.webservices.client.MockWebServiceServerTestExecutionListener@5faf2a64, org.springframework.boot.test.mock.mockito.ResetMocksTestExecutionListener@3c46b5b1]
]]></system-out>
  <system-err><![CDATA[]]></system-err>
</testsuite>
