<?xml version="1.0" encoding="UTF-8"?>
<testsuite name="edu.escuelaing.ieti.startapp.business.TicketServiceTests" tests="4" skipped="0" failures="0" errors="0" timestamp="2021-05-11T02:00:52" hostname="DESARROLLO148" time="0.017">
  <properties/>
  <testcase name="shouldGetTickets()" classname="edu.escuelaing.ieti.startapp.business.TicketServiceTests" time="0.003"/>
  <testcase name="shouldSaveTicket()" classname="edu.escuelaing.ieti.startapp.business.TicketServiceTests" time="0.003"/>
  <testcase name="shouldGetTicketsBySender()" classname="edu.escuelaing.ieti.startapp.business.TicketServiceTests" time="0.003"/>
  <testcase name="shouldGetTicketsByReceptor()" classname="edu.escuelaing.ieti.startapp.business.TicketServiceTests" time="0.005"/>
  <system-out><![CDATA[]]></system-out>
  <system-err><![CDATA[]]></system-err>
</testsuite>
