<?xml version="1.0" encoding="UTF-8"?>
<testsuite name="edu.escuelaing.ieti.startapp.business.ProjectServiceTests" tests="5" skipped="0" failures="0" errors="0" timestamp="2021-05-11T01:04:19" hostname="DESARROLLO148" time="0.041">
  <properties/>
  <testcase name="souldNotGetProjectById()" classname="edu.escuelaing.ieti.startapp.business.ProjectServiceTests" time="0.009"/>
  <testcase name="souldAddInversion()" classname="edu.escuelaing.ieti.startapp.business.ProjectServiceTests" time="0.007"/>
  <testcase name="souldGetProjectById()" classname="edu.escuelaing.ieti.startapp.business.ProjectServiceTests" time="0.006"/>
  <testcase name="shouldSaveProject()" classname="edu.escuelaing.ieti.startapp.business.ProjectServiceTests" time="0.005"/>
  <testcase name="souldGetAllProjects()" classname="edu.escuelaing.ieti.startapp.business.ProjectServiceTests" time="0.007"/>
  <system-out><![CDATA[]]></system-out>
  <system-err><![CDATA[]]></system-err>
</testsuite>
