<?xml version="1.0" encoding="UTF-8"?>
<testsuite name="edu.escuelaing.ieti.startapp.business.ChatServiceTests" tests="11" skipped="0" failures="0" errors="0" timestamp="2021-05-11T01:04:15" hostname="DESARROLLO148" time="0.224">
  <properties/>
  <testcase name="shouldNotFindChatById()" classname="edu.escuelaing.ieti.startapp.business.ChatServiceTests" time="0.098"/>
  <testcase name="shouldFindAllChatsByUserInvestor()" classname="edu.escuelaing.ieti.startapp.business.ChatServiceTests" time="0.015"/>
  <testcase name="shouldFindAllMessagesByChat()" classname="edu.escuelaing.ieti.startapp.business.ChatServiceTests" time="0.008"/>
  <testcase name="shouldFindChatById()" classname="edu.escuelaing.ieti.startapp.business.ChatServiceTests" time="0.009"/>
  <testcase name="shouldNotFindAllChatsByUserInvestor()" classname="edu.escuelaing.ieti.startapp.business.ChatServiceTests" time="0.009"/>
  <testcase name="shouldCreateChat()" classname="edu.escuelaing.ieti.startapp.business.ChatServiceTests" time="0.009"/>
  <testcase name="shouldNotFindAllMessagesByChat()" classname="edu.escuelaing.ieti.startapp.business.ChatServiceTests" time="0.008"/>
  <testcase name="shouldFindAllChatsByUser()" classname="edu.escuelaing.ieti.startapp.business.ChatServiceTests" time="0.01"/>
  <testcase name="shouldAddMessage()" classname="edu.escuelaing.ieti.startapp.business.ChatServiceTests" time="0.008"/>
  <testcase name="shouldNotFindAllChatsByUserEntrepreneur()" classname="edu.escuelaing.ieti.startapp.business.ChatServiceTests" time="0.011"/>
  <testcase name="shouldFindAllChatsByUserEntrepreneur()" classname="edu.escuelaing.ieti.startapp.business.ChatServiceTests" time="0.012"/>
  <system-out><![CDATA[
  .   ____          _            __ _ _
 /\\ / ___'_ __ _ _(_)_ __  __ _ \ \ \ \
( ( )\___ | '_ | '_| | '_ \/ _` | \ \ \ \
 \\/  ___)| |_)| | | | | || (_| |  ) ) ) )
  '  |____| .__|_| |_|_| |_\__, | / / / /
 =========|_|==============|___/=/_/_/_/
 :: Spring Boot ::                (v2.4.4)

]]></system-out>
  <system-err><![CDATA[SLF4J: Failed to load class "org.slf4j.impl.StaticLoggerBinder".
SLF4J: Defaulting to no-operation (NOP) logger implementation
SLF4J: See http://www.slf4j.org/codes.html#StaticLoggerBinder for further details.
]]></system-err>
</testsuite>
