<?xml version="1.0" encoding="UTF-8"?>
<testsuite name="edu.escuelaing.ieti.startapp.web.UserControllerTests" tests="11" skipped="0" failures="0" errors="0" timestamp="2021-05-11T02:00:52" hostname="DESARROLLO148" time="0.15">
  <properties/>
  <testcase name="shouldGetUserById()" classname="edu.escuelaing.ieti.startapp.web.UserControllerTests" time="0.007"/>
  <testcase name="shoulNotdAddProjectToUser()" classname="edu.escuelaing.ieti.startapp.web.UserControllerTests" time="0.011"/>
  <testcase name="shouldNotCreateUser()" classname="edu.escuelaing.ieti.startapp.web.UserControllerTests" time="0.011"/>
  <testcase name="shouldNotGetUserByRole()" classname="edu.escuelaing.ieti.startapp.web.UserControllerTests" time="0.009"/>
  <testcase name="shouldGetUserByRole()" classname="edu.escuelaing.ieti.startapp.web.UserControllerTests" time="0.008"/>
  <testcase name="shouldAddProjectToUser()" classname="edu.escuelaing.ieti.startapp.web.UserControllerTests" time="0.011"/>
  <testcase name="shouldNotCreateUserRepeated()" classname="edu.escuelaing.ieti.startapp.web.UserControllerTests" time="0.012"/>
  <testcase name="shouldCreateUser()" classname="edu.escuelaing.ieti.startapp.web.UserControllerTests" time="0.013"/>
  <testcase name="shouldNotGetUserByIdentificationAndRole()" classname="edu.escuelaing.ieti.startapp.web.UserControllerTests" time="0.009"/>
  <testcase name="shouldGetUserByIdentificationAndRole()" classname="edu.escuelaing.ieti.startapp.web.UserControllerTests" time="0.013"/>
  <testcase name="shouldNotGetUserById()" classname="edu.escuelaing.ieti.startapp.web.UserControllerTests" time="0.008"/>
  <system-out><![CDATA[2021-05-10 21:00:52.812  INFO 12844 --- [    Test worker] .b.t.c.SpringBootTestContextBootstrapper : Neither @ContextConfiguration nor @ContextHierarchy found for test class [edu.escuelaing.ieti.startapp.web.UserControllerTests], using SpringBootContextLoader
2021-05-10 21:00:52.814  INFO 12844 --- [    Test worker] o.s.t.c.support.AbstractContextLoader    : Could not detect default resource locations for test class [edu.escuelaing.ieti.startapp.web.UserControllerTests]: no resource found for suffixes {-context.xml, Context.groovy}.
2021-05-10 21:00:52.815  INFO 12844 --- [    Test worker] t.c.s.AnnotationConfigContextLoaderUtils : Could not detect default configuration classes for test class [edu.escuelaing.ieti.startapp.web.UserControllerTests]: UserControllerTests does not declare any static, non-private, non-final, nested classes annotated with @Configuration.
2021-05-10 21:00:52.821  INFO 12844 --- [    Test worker] .b.t.c.SpringBootTestContextBootstrapper : Found @SpringBootConfiguration edu.escuelaing.ieti.startapp.StartappApplication for test class edu.escuelaing.ieti.startapp.web.UserControllerTests
2021-05-10 21:00:52.823  INFO 12844 --- [    Test worker] .b.t.c.SpringBootTestContextBootstrapper : Loaded default TestExecutionListener class names from location [META-INF/spring.factories]: [org.springframework.boot.test.autoconfigure.restdocs.RestDocsTestExecutionListener, org.springframework.boot.test.autoconfigure.web.client.MockRestServiceServerResetTestExecutionListener, org.springframework.boot.test.autoconfigure.web.servlet.MockMvcPrintOnlyOnFailureTestExecutionListener, org.springframework.boot.test.autoconfigure.web.servlet.WebDriverTestExecutionListener, org.springframework.boot.test.autoconfigure.webservices.client.MockWebServiceServerTestExecutionListener, org.springframework.boot.test.mock.mockito.MockitoTestExecutionListener, org.springframework.boot.test.mock.mockito.ResetMocksTestExecutionListener, org.springframework.test.context.web.ServletTestExecutionListener, org.springframework.test.context.support.DirtiesContextBeforeModesTestExecutionListener, org.springframework.test.context.event.ApplicationEventsTestExecutionListener, org.springframework.test.context.support.DependencyInjectionTestExecutionListener, org.springframework.test.context.support.DirtiesContextTestExecutionListener, org.springframework.test.context.transaction.TransactionalTestExecutionListener, org.springframework.test.context.jdbc.SqlScriptsTestExecutionListener, org.springframework.test.context.event.EventPublishingTestExecutionListener]
2021-05-10 21:00:52.824  INFO 12844 --- [    Test worker] .b.t.c.SpringBootTestContextBootstrapper : Using TestExecutionListeners: [org.springframework.test.context.web.ServletTestExecutionListener@71ae1799, org.springframework.test.context.support.DirtiesContextBeforeModesTestExecutionListener@7659e5d6, org.springframework.test.context.event.ApplicationEventsTestExecutionListener@7c8ad4b9, org.springframework.boot.test.mock.mockito.MockitoTestExecutionListener@406ce6b7, org.springframework.boot.test.autoconfigure.SpringBootDependencyInjectionTestExecutionListener@417f33fc, org.springframework.test.context.support.DirtiesContextTestExecutionListener@78b10950, org.springframework.test.context.transaction.TransactionalTestExecutionListener@523435e3, org.springframework.test.context.jdbc.SqlScriptsTestExecutionListener@75ca284c, org.springframework.test.context.event.EventPublishingTestExecutionListener@4d1215da, org.springframework.boot.test.autoconfigure.restdocs.RestDocsTestExecutionListener@3d196ea1, org.springframework.boot.test.autoconfigure.web.client.MockRestServiceServerResetTestExecutionListener@4ef1cfcc, org.springframework.boot.test.autoconfigure.web.servlet.MockMvcPrintOnlyOnFailureTestExecutionListener@6a5d1616, org.springframework.boot.test.autoconfigure.web.servlet.WebDriverTestExecutionListener@373c7242, org.springframework.boot.test.autoconfigure.webservices.client.MockWebServiceServerTestExecutionListener@41267e62, org.springframework.boot.test.mock.mockito.ResetMocksTestExecutionListener@1e95625]
]]></system-out>
  <system-err><![CDATA[]]></system-err>
</testsuite>
